<?xml version="1.0" encoding="UTF-8"?>
<testsuite name="MyBinaryTreeTest" tests="1" skipped="0" failures="0" errors="0" timestamp="2021-06-11T06:26:58" hostname="DESKTOP-BS45UV7" time="0.006">
  <properties/>
  <testcase name="given3Numbers_WhenAddedToBST_ShouldReturnSize" classname="MyBinaryTreeTest" time="0.006"/>
  <system-out><![CDATA[]]></system-out>
  <system-err><![CDATA[]]></system-err>
</testsuite>
