<?xml version="1.0" encoding="UTF-8"?>
<testsuite name="MyBinaryTreeTest" tests="1" skipped="0" failures="0" errors="0" timestamp="2021-06-10T10:53:35" hostname="DESKTOP-BS45UV7" time="0.042">
  <properties/>
  <testcase name="given3Numbers_WhenAddedToBST_ShouldReturnSize" classname="MyBinaryTreeTest" time="0.042"/>
  <system-out><![CDATA[]]></system-out>
  <system-err><![CDATA[]]></system-err>
</testsuite>
